Flow report for homework
Sat Dec 05 16:08:57 2020
Quartus II Version 8.0 Build 215 05/29/2008 SJ Full Version


---------------------
; Table of Contents ;
---------------------
  1. Legal Notice
  2. Flow Summary
  3. Flow Settings
  4. Flow Non-Default Global Settings
  5. Flow Elapsed Time
  6. Flow Log



----------------
; Legal Notice ;
----------------
Copyright (C) 1991-2008 Altera Corporation
Your use of Altera Corporation's design tools, logic functions 
and other software and tools, and its AMPP partner logic 
functions, and any output files from any of the foregoing 
(including device programming or simulation files), and any 
associated documentation or information are expressly subject 
to the terms and conditions of the Altera Program License 
Subscription Agreement, Altera MegaCore Function License 
Agreement, or other applicable license agreement, including, 
without limitation, that your use is for the sole purpose of 
programming logic devices manufactured by Altera and sold by 
Altera or its authorized distributors.  Please refer to the 
applicable agreement for further details.



+-------------------------------------------------------------------------------+
; Flow Summary                                                                  ;
+------------------------------------+------------------------------------------+
; Flow Status                        ; Successful - Sat Dec 05 16:08:57 2020    ;
; Quartus II Version                 ; 8.0 Build 215 05/29/2008 SJ Full Version ;
; Revision Name                      ; homework                                 ;
; Top-level Entity Name              ; Block1                                   ;
; Family                             ; Cyclone II                               ;
; Device                             ; EP2C35F672C6                             ;
; Timing Models                      ; Final                                    ;
; Met timing requirements            ; No                                       ;
; Total logic elements               ; 259 / 33,216 ( < 1 % )                   ;
;     Total combinational functions  ; 255 / 33,216 ( < 1 % )                   ;
;     Dedicated logic registers      ; 147 / 33,216 ( < 1 % )                   ;
; Total registers                    ; 147                                      ;
; Total pins                         ; 68 / 475 ( 14 % )                        ;
; Total virtual pins                 ; 0                                        ;
; Total memory bits                  ; 0 / 483,840 ( 0 % )                      ;
; Embedded Multiplier 9-bit elements ; 0 / 70 ( 0 % )                           ;
; Total PLLs                         ; 0 / 4 ( 0 % )                            ;
+------------------------------------+------------------------------------------+


+-----------------------------------------+
; Flow Settings                           ;
+-------------------+---------------------+
; Option            ; Setting             ;
+-------------------+---------------------+
; Start date & time ; 12/05/2020 16:08:48 ;
; Main task         ; Compilation         ;
; Revision Name     ; homework            ;
+-------------------+---------------------+


+----------------------------------------------------------------------------------------------------------------+
; Flow Non-Default Global Settings                                                                               ;
+------------------------------------+--------------------------------+---------------+-------------+------------+
; Assignment Name                    ; Value                          ; Default Value ; Entity Name ; Section Id ;
+------------------------------------+--------------------------------+---------------+-------------+------------+
; COMPILER_SIGNATURE_ID              ; 93180994650657.160715572812752 ; --            ; --          ; --         ;
; PARTITION_COLOR                    ; 14622752                       ; --            ; Block1      ; Top        ;
; PARTITION_NETLIST_TYPE             ; SOURCE                         ; --            ; Block1      ; Top        ;
; TOP_LEVEL_ENTITY                   ; Block1                         ; homework      ; --          ; --         ;
; USE_GENERATED_PHYSICAL_CONSTRAINTS ; Off                            ; --            ; --          ; eda_palace ;
+------------------------------------+--------------------------------+---------------+-------------+------------+


+-----------------------------------------------------------------------------------------------------------------------------+
; Flow Elapsed Time                                                                                                           ;
+-------------------------+--------------+-------------------------+---------------------+------------------------------------+
; Module Name             ; Elapsed Time ; Average Processors Used ; Peak Virtual Memory ; Total CPU Time (on all processors) ;
+-------------------------+--------------+-------------------------+---------------------+------------------------------------+
; Analysis & Synthesis    ; 00:00:02     ; 1.0                     ; 220 MB              ; 00:00:01                           ;
; Fitter                  ; 00:00:03     ; 1.0                     ; 292 MB              ; 00:00:03                           ;
; Assembler               ; 00:00:01     ; 1.0                     ; 266 MB              ; 00:00:01                           ;
; Classic Timing Analyzer ; 00:00:00     ; 1.0                     ; 176 MB              ; 00:00:00                           ;
; Total                   ; 00:00:06     ; --                      ; --                  ; 00:00:05                           ;
+-------------------------+--------------+-------------------------+---------------------+------------------------------------+


------------
; Flow Log ;
------------
quartus_map --read_settings_files=on --write_settings_files=off homework -c homework
quartus_fit --read_settings_files=off --write_settings_files=off homework -c homework
quartus_asm --read_settings_files=off --write_settings_files=off homework -c homework
quartus_tan --read_settings_files=off --write_settings_files=off homework -c homework --timing_analysis_only



